<?xml version="1.0" encoding="UTF-8"?>
<!-- Generated by org.testng.reporters.JUnitReportReporter -->
<testsuite hostname="HGAJJELA02" failures="0" tests="1" name="testcases.mytheresa.WishListCheckAdd" time="37.033" errors="0" timestamp="27 Sep 2020 07:22:31 GMT" skipped="0">
  <testcase classname="testcases.mytheresa.WishListCheckAdd" name="WishList" time="37.033"/>
</testsuite> <!-- testcases.mytheresa.WishListCheckAdd -->
