<?xml version="1.0" encoding="UTF-8"?>
<!-- Generated by org.testng.reporters.JUnitReportReporter -->
<testsuite hostname="HGAJJELA01" failures="0" tests="1" name="testcases.mytheresa.WishListCheckAdd" time="26.862" errors="0" timestamp="2020-08-01T12:41:17 IST" skipped="0">
  <testcase classname="testcases.mytheresa.WishListCheckAdd" name="WishList" time="26.862"/>
  <system-out/>
</testsuite> <!-- testcases.mytheresa.WishListCheckAdd -->
